This file contains any messages produced by compilers while
running configure, to aid debugging if configure makes a mistake.

It was created by configure, which was
generated by GNU Autoconf 2.69.  Invocation command line was

  $ ./configure 

## --------- ##
## Platform. ##
## --------- ##

hostname = fedora.xfce.linux
uname -m = i686
uname -r = 4.1.13-100.fc21.i686
uname -s = Linux
uname -v = #1 SMP Tue Nov 10 13:46:36 UTC 2015

/usr/bin/uname -p = i686
/bin/uname -X     = unknown

/bin/arch              = i686
/usr/bin/arch -k       = unknown
/usr/convex/getsysinfo = unknown
/usr/bin/hostinfo      = unknown
/bin/machine           = unknown
/usr/bin/oslevel       = unknown
/bin/universe          = unknown

PATH: /usr/local/sbin
PATH: /usr/local/bin
PATH: /usr/sbin
PATH: /usr/bin
PATH: /root/bin


## ----------- ##
## Core tests. ##
## ----------- ##

configure:2331: checking for gcc
configure:2347: found /usr/bin/gcc
configure:2358: result: gcc
configure:2587: checking for C compiler version
configure:2596: gcc --version >&5
gcc (GCC) 4.9.2 20150212 (Red Hat 4.9.2-6)
Copyright (C) 2014 Free Software Foundation, Inc.
This is free software; see the source for copying conditions.  There is NO
warranty; not even for MERCHANTABILITY or FITNESS FOR A PARTICULAR PURPOSE.

configure:2607: $? = 0
configure:2596: gcc -v >&5
Using built-in specs.
COLLECT_GCC=gcc
COLLECT_LTO_WRAPPER=/usr/libexec/gcc/i686-redhat-linux/4.9.2/lto-wrapper
Target: i686-redhat-linux
Configured with: ../configure --prefix=/usr --mandir=/usr/share/man --infodir=/usr/share/info --with-bugurl=http://bugzilla.redhat.com/bugzilla --enable-bootstrap --enable-shared --enable-threads=posix --enable-checking=release --enable-multilib --with-system-zlib --enable-__cxa_atexit --disable-libunwind-exceptions --enable-gnu-unique-object --enable-linker-build-id --with-linker-hash-style=gnu --enable-languages=c,c++,objc,obj-c++,fortran,ada,go,lto --enable-plugin --enable-initfini-array --disable-libgcj --with-isl=/builddir/build/BUILD/gcc-4.9.2-20150212/obj-i686-redhat-linux/isl-install --with-cloog=/builddir/build/BUILD/gcc-4.9.2-20150212/obj-i686-redhat-linux/cloog-install --enable-gnu-indirect-function --with-tune=generic --with-arch=i686 --build=i686-redhat-linux
Thread model: posix
gcc version 4.9.2 20150212 (Red Hat 4.9.2-6) (GCC) 
configure:2607: $? = 0
configure:2596: gcc -V >&5
gcc: error: unrecognized command line option '-V'
gcc: fatal error: no input files
compilation terminated.
configure:2607: $? = 4
configure:2596: gcc -qversion >&5
gcc: error: unrecognized command line option '-qversion'
gcc: fatal error: no input files
compilation terminated.
configure:2607: $? = 4
configure:2627: checking whether the C compiler works
configure:2649: gcc    conftest.c  >&5
configure:2653: $? = 0
configure:2701: result: yes
configure:2704: checking for C compiler default output file name
configure:2706: result: a.out
configure:2712: checking for suffix of executables
configure:2719: gcc -o conftest    conftest.c  >&5
configure:2723: $? = 0
configure:2745: result: 
configure:2767: checking whether we are cross compiling
configure:2775: gcc -o conftest    conftest.c  >&5
configure:2779: $? = 0
configure:2786: ./conftest
configure:2790: $? = 0
configure:2805: result: no
configure:2810: checking for suffix of object files
configure:2832: gcc -c   conftest.c >&5
configure:2836: $? = 0
configure:2857: result: o
configure:2861: checking whether we are using the GNU C compiler
configure:2880: gcc -c   conftest.c >&5
configure:2880: $? = 0
configure:2889: result: yes
configure:2898: checking whether gcc accepts -g
configure:2918: gcc -c -g  conftest.c >&5
configure:2918: $? = 0
configure:2959: result: yes
configure:2976: checking for gcc option to accept ISO C89
configure:3039: gcc  -c -g -O2  conftest.c >&5
configure:3039: $? = 0
configure:3052: result: none needed
configure:3080: checking for special C compiler options needed for large files
configure:3125: result: no
configure:3131: checking for _FILE_OFFSET_BITS value needed for large files
configure:3156: gcc -c -g -O2  conftest.c >&5
conftest.c:15:3: warning: left shift count >= width of type
   int off_t_is_large[(LARGE_OFF_T % 2147483629 == 721
   ^
conftest.c:15:3: warning: left shift count >= width of type
conftest.c:16:10: warning: left shift count >= width of type
          && LARGE_OFF_T % 2147483647 == 1)
          ^
conftest.c:16:10: warning: left shift count >= width of type
conftest.c:15:7: error: variably modified 'off_t_is_large' at file scope
   int off_t_is_large[(LARGE_OFF_T % 2147483629 == 721
       ^
configure:3156: $? = 1
configure: failed program was:
| /* confdefs.h */
| #define PACKAGE_NAME ""
| #define PACKAGE_TARNAME ""
| #define PACKAGE_VERSION ""
| #define PACKAGE_STRING ""
| #define PACKAGE_BUGREPORT ""
| #define PACKAGE_URL ""
| /* end confdefs.h.  */
| #include <sys/types.h>
|  /* Check that off_t can represent 2**63 - 1 correctly.
|     We can't simply define LARGE_OFF_T to be 9223372036854775807,
|     since some C++ compilers masquerading as C compilers
|     incorrectly reject 9223372036854775807.  */
| #define LARGE_OFF_T (((off_t) 1 << 62) - 1 + ((off_t) 1 << 62))
|   int off_t_is_large[(LARGE_OFF_T % 2147483629 == 721
| 		       && LARGE_OFF_T % 2147483647 == 1)
| 		      ? 1 : -1];
| int
| main ()
| {
| 
|   ;
|   return 0;
| }
configure:3180: gcc -c -g -O2  conftest.c >&5
configure:3180: $? = 0
configure:3188: result: 64
configure:3278: checking how to run the C preprocessor
configure:3309: gcc -E  conftest.c
configure:3309: $? = 0
configure:3323: gcc -E  conftest.c
conftest.c:10:28: fatal error: ac_nonexistent.h: No such file or directory
 #include <ac_nonexistent.h>
                            ^
compilation terminated.
configure:3323: $? = 1
configure: failed program was:
| /* confdefs.h */
| #define PACKAGE_NAME ""
| #define PACKAGE_TARNAME ""
| #define PACKAGE_VERSION ""
| #define PACKAGE_STRING ""
| #define PACKAGE_BUGREPORT ""
| #define PACKAGE_URL ""
| #define _FILE_OFFSET_BITS 64
| /* end confdefs.h.  */
| #include <ac_nonexistent.h>
configure:3348: result: gcc -E
configure:3368: gcc -E  conftest.c
configure:3368: $? = 0
configure:3382: gcc -E  conftest.c
conftest.c:10:28: fatal error: ac_nonexistent.h: No such file or directory
 #include <ac_nonexistent.h>
                            ^
compilation terminated.
configure:3382: $? = 1
configure: failed program was:
| /* confdefs.h */
| #define PACKAGE_NAME ""
| #define PACKAGE_TARNAME ""
| #define PACKAGE_VERSION ""
| #define PACKAGE_STRING ""
| #define PACKAGE_BUGREPORT ""
| #define PACKAGE_URL ""
| #define _FILE_OFFSET_BITS 64
| /* end confdefs.h.  */
| #include <ac_nonexistent.h>
configure:3411: checking for grep that handles long lines and -e
configure:3469: result: /usr/bin/grep
configure:3474: checking for egrep
configure:3536: result: /usr/bin/grep -E
configure:3541: checking for ANSI C header files
configure:3561: gcc -c -g -O2  conftest.c >&5
configure:3561: $? = 0
configure:3634: gcc -o conftest -g -O2   conftest.c  >&5
configure:3634: $? = 0
configure:3634: ./conftest
configure:3634: $? = 0
configure:3645: result: yes
configure:3658: checking for sys/types.h
configure:3658: gcc -c -g -O2  conftest.c >&5
configure:3658: $? = 0
configure:3658: result: yes
configure:3658: checking for sys/stat.h
configure:3658: gcc -c -g -O2  conftest.c >&5
configure:3658: $? = 0
configure:3658: result: yes
configure:3658: checking for stdlib.h
configure:3658: gcc -c -g -O2  conftest.c >&5
configure:3658: $? = 0
configure:3658: result: yes
configure:3658: checking for string.h
configure:3658: gcc -c -g -O2  conftest.c >&5
configure:3658: $? = 0
configure:3658: result: yes
configure:3658: checking for memory.h
configure:3658: gcc -c -g -O2  conftest.c >&5
configure:3658: $? = 0
configure:3658: result: yes
configure:3658: checking for strings.h
configure:3658: gcc -c -g -O2  conftest.c >&5
configure:3658: $? = 0
configure:3658: result: yes
configure:3658: checking for inttypes.h
configure:3658: gcc -c -g -O2  conftest.c >&5
configure:3658: $? = 0
configure:3658: result: yes
configure:3658: checking for stdint.h
configure:3658: gcc -c -g -O2  conftest.c >&5
configure:3658: $? = 0
configure:3658: result: yes
configure:3658: checking for unistd.h
configure:3658: gcc -c -g -O2  conftest.c >&5
configure:3658: $? = 0
configure:3658: result: yes
configure:3674: checking size of off_t
configure:3679: gcc -o conftest -g -O2   conftest.c  >&5
configure:3679: $? = 0
configure:3679: ./conftest
configure:3679: $? = 0
configure:3693: result: 8
configure:3707: checking size of size_t
configure:3712: gcc -o conftest -g -O2   conftest.c  >&5
configure:3712: $? = 0
configure:3712: ./conftest
configure:3712: $? = 0
configure:3726: result: 4
configure:3740: checking size of ssize_t
configure:3745: gcc -o conftest -g -O2   conftest.c  >&5
configure:3745: $? = 0
configure:3745: ./conftest
configure:3745: $? = 0
configure:3759: result: 4
configure:3775: checking for stdlib.h
configure:3775: result: yes
configure:3775: checking for unistd.h
configure:3775: result: yes
configure:3775: checking for sys/param.h
configure:3775: gcc -c -g -O2  conftest.c >&5
configure:3775: $? = 0
configure:3775: result: yes
configure:3795: checking for getpagesize
configure:3795: gcc -o conftest -g -O2   conftest.c  >&5
configure:3795: $? = 0
configure:3795: result: yes
configure:3804: checking for working mmap
configure:3951: gcc -o conftest -g -O2   conftest.c  >&5
configure:3951: $? = 0
configure:3951: ./conftest
configure:3951: $? = 0
configure:3961: result: yes
configure:3992: checking for mmap
configure:3992: gcc -o conftest -g -O2   conftest.c  >&5
configure:3992: $? = 0
configure:3992: result: yes
configure:3992: checking for pread
configure:3992: gcc -o conftest -g -O2   conftest.c  >&5
configure:3992: $? = 0
configure:3992: result: yes
configure:3992: checking for pwrite
configure:3992: gcc -o conftest -g -O2   conftest.c  >&5
configure:3992: $? = 0
configure:3992: result: yes
configure:3992: checking for getpagesize
configure:3992: result: yes
configure:3992: checking for utime
configure:3992: gcc -o conftest -g -O2   conftest.c  >&5
configure:3992: $? = 0
configure:3992: result: yes
configure:4004: checking getopt.h usability
configure:4004: gcc -c -g -O2  conftest.c >&5
configure:4004: $? = 0
configure:4004: result: yes
configure:4004: checking getopt.h presence
configure:4004: gcc -E  conftest.c
configure:4004: $? = 0
configure:4004: result: yes
configure:4004: checking for getopt.h
configure:4004: result: yes
configure:4004: checking sys/select.h usability
configure:4004: gcc -c -g -O2  conftest.c >&5
configure:4004: $? = 0
configure:4004: result: yes
configure:4004: checking sys/select.h presence
configure:4004: gcc -E  conftest.c
configure:4004: $? = 0
configure:4004: result: yes
configure:4004: checking for sys/select.h
configure:4004: result: yes
configure:4004: checking sys/time.h usability
configure:4004: gcc -c -g -O2  conftest.c >&5
configure:4004: $? = 0
configure:4004: result: yes
configure:4004: checking sys/time.h presence
configure:4004: gcc -E  conftest.c
configure:4004: $? = 0
configure:4004: result: yes
configure:4004: checking for sys/time.h
configure:4004: result: yes
configure:4016: checking for pread declaration
configure:4033: gcc -c -g -O2  conftest.c >&5
configure:4033: $? = 0
configure:4040: result: yes
configure:4049: checking for pwrite declaration
configure:4066: gcc -c -g -O2  conftest.c >&5
configure:4066: $? = 0
configure:4073: result: yes
configure:4082: checking for Python
configure:4114: result: no
configure:4236: creating ./config.status

## ---------------------- ##
## Running config.status. ##
## ---------------------- ##

This file was extended by config.status, which was
generated by GNU Autoconf 2.69.  Invocation command line was

  CONFIG_FILES    = 
  CONFIG_HEADERS  = 
  CONFIG_LINKS    = 
  CONFIG_COMMANDS = 
  $ ./config.status 

on fedora.xfce.linux

config.status:822: creating Makefile
config.status:822: creating tdb.pc
config.status:822: creating include/config.h
config.status:992: include/config.h is unchanged

## ---------------- ##
## Cache variables. ##
## ---------------- ##

ac_cv_c_compiler_gnu=yes
ac_cv_env_CC_set=
ac_cv_env_CC_value=
ac_cv_env_CFLAGS_set=
ac_cv_env_CFLAGS_value=
ac_cv_env_CPPFLAGS_set=
ac_cv_env_CPPFLAGS_value=
ac_cv_env_CPP_set=
ac_cv_env_CPP_value=
ac_cv_env_LDFLAGS_set=
ac_cv_env_LDFLAGS_value=
ac_cv_env_LIBS_set=
ac_cv_env_LIBS_value=
ac_cv_env_build_alias_set=
ac_cv_env_build_alias_value=
ac_cv_env_host_alias_set=
ac_cv_env_host_alias_value=
ac_cv_env_target_alias_set=
ac_cv_env_target_alias_value=
ac_cv_func_getpagesize=yes
ac_cv_func_mmap=yes
ac_cv_func_mmap_fixed_mapped=yes
ac_cv_func_pread=yes
ac_cv_func_pwrite=yes
ac_cv_func_utime=yes
ac_cv_have_pread_decl=yes
ac_cv_have_pwrite_decl=yes
ac_cv_header_getopt_h=yes
ac_cv_header_inttypes_h=yes
ac_cv_header_memory_h=yes
ac_cv_header_stdc=yes
ac_cv_header_stdint_h=yes
ac_cv_header_stdlib_h=yes
ac_cv_header_string_h=yes
ac_cv_header_strings_h=yes
ac_cv_header_sys_param_h=yes
ac_cv_header_sys_select_h=yes
ac_cv_header_sys_stat_h=yes
ac_cv_header_sys_time_h=yes
ac_cv_header_sys_types_h=yes
ac_cv_header_unistd_h=yes
ac_cv_objext=o
ac_cv_path_EGREP='/usr/bin/grep -E'
ac_cv_path_GREP=/usr/bin/grep
ac_cv_prog_CPP='gcc -E'
ac_cv_prog_ac_ct_CC=gcc
ac_cv_prog_cc_c89=
ac_cv_prog_cc_g=yes
ac_cv_sizeof_off_t=8
ac_cv_sizeof_size_t=4
ac_cv_sizeof_ssize_t=4
ac_cv_sys_file_offset_bits=64
ac_cv_sys_largefile_CC=no

## ----------------- ##
## Output variables. ##
## ----------------- ##

CC='gcc'
CFLAGS='-g -O2'
CPP='gcc -E'
CPPFLAGS=''
DEFS='-DHAVE_CONFIG_H'
ECHO_C=''
ECHO_N='-n'
ECHO_T=''
EGREP='/usr/bin/grep -E'
EXEEXT=''
GREP='/usr/bin/grep'
LDFLAGS=''
LIBOBJS=''
LIBS=''
LTLIBOBJS=''
OBJEXT='o'
PACKAGE_BUGREPORT=''
PACKAGE_NAME=''
PACKAGE_STRING=''
PACKAGE_TARNAME=''
PACKAGE_URL=''
PACKAGE_VERSION=''
PATH_SEPARATOR=':'
PYTHON=''
SHELL='/bin/sh'
TDBOBJ='common/tdb.o common/dump.o common/transaction.o common/error.o common/traverse.o common/freelist.o common/freelistcheck.o common/io.o common/lock.o common/open.o'
ac_ct_CC='gcc'
bindir='${exec_prefix}/bin'
build_alias=''
datadir='${datarootdir}'
datarootdir='${prefix}/share'
docdir='${datarootdir}/doc/${PACKAGE}'
dvidir='${docdir}'
exec_prefix='${prefix}'
host_alias=''
htmldir='${docdir}'
includedir='${prefix}/include'
infodir='${datarootdir}/info'
libdir='${exec_prefix}/lib'
libexecdir='${exec_prefix}/libexec'
libreplacedir='../lib/replace'
localedir='${datarootdir}/locale'
localstatedir='${prefix}/var'
mandir='${datarootdir}/man'
oldincludedir='/usr/include'
pdfdir='${docdir}'
prefix='/usr/local'
program_transform_name='s,x,x,'
psdir='${docdir}'
sbindir='${exec_prefix}/sbin'
sharedstatedir='${prefix}/com'
sysconfdir='${prefix}/etc'
target_alias=''
tdbdir='.'

## ----------- ##
## confdefs.h. ##
## ----------- ##

/* confdefs.h */
#define PACKAGE_NAME ""
#define PACKAGE_TARNAME ""
#define PACKAGE_VERSION ""
#define PACKAGE_STRING ""
#define PACKAGE_BUGREPORT ""
#define PACKAGE_URL ""
#define _FILE_OFFSET_BITS 64
#define STDC_HEADERS 1
#define HAVE_SYS_TYPES_H 1
#define HAVE_SYS_STAT_H 1
#define HAVE_STDLIB_H 1
#define HAVE_STRING_H 1
#define HAVE_MEMORY_H 1
#define HAVE_STRINGS_H 1
#define HAVE_INTTYPES_H 1
#define HAVE_STDINT_H 1
#define HAVE_UNISTD_H 1
#define SIZEOF_OFF_T 8
#define SIZEOF_SIZE_T 4
#define SIZEOF_SSIZE_T 4
#define HAVE_STDLIB_H 1
#define HAVE_UNISTD_H 1
#define HAVE_SYS_PARAM_H 1
#define HAVE_GETPAGESIZE 1
#define HAVE_MMAP 1
#define HAVE_MMAP 1
#define HAVE_PREAD 1
#define HAVE_PWRITE 1
#define HAVE_GETPAGESIZE 1
#define HAVE_UTIME 1
#define HAVE_GETOPT_H 1
#define HAVE_SYS_SELECT_H 1
#define HAVE_SYS_TIME_H 1
#define HAVE_PREAD_DECL 1
#define HAVE_PWRITE_DECL 1

configure: exit 0
